Build started 12/04/2018 17:32:56.
     1>Project "G:\LIEM\ExerciseThirdDay\ExerciseThirdDay\ExerciseThirdDay.vcxproj" on node 2 (Build target(s)).
     1>ClCompile:
         C:\Program Files (x86)\Microsoft Visual Studio 12.0\VC\bin\CL.exe /c /ZI /nologo /W3 /WX- /sdl /Od /Oy- /D WIN32 /D _DEBUG /D _CONSOLE /D _LIB /D _UNICODE /D UNICODE /Gm /EHsc /RTC1 /MDd /GS /fp:precise /Zc:wchar_t /Zc:forScope /Yu"stdafx.h" /Fp"Debug\ExerciseThirdDay.pch" /Fo"Debug\\" /Fd"Debug\vc120.pdb" /Gd /TP /analyze- /errorReport:prompt Program.cpp
         Program.cpp
     1>g:\liem\exercisethirdday\exercisethirdday\calculate.h(70): error C2601: 'oddNumber' : local function definitions are illegal
                 g:\liem\exercisethirdday\exercisethirdday\calculate.h(57): this line contains a '{' which has not yet been matched
     1>g:\liem\exercisethirdday\exercisethirdday\calculate.h(80): error C2601: 'sumPrime' : local function definitions are illegal
                 g:\liem\exercisethirdday\exercisethirdday\calculate.h(57): this line contains a '{' which has not yet been matched
     1>g:\liem\exercisethirdday\exercisethirdday\calculate.h(90): error C2601: 'tongSoNguyen' : local function definitions are illegal
                 g:\liem\exercisethirdday\exercisethirdday\calculate.h(57): this line contains a '{' which has not yet been matched
     1>g:\liem\exercisethirdday\exercisethirdday\calculate.h(99): error C2601: 'tongSoNguyenBinhPhuong' : local function definitions are illegal
                 g:\liem\exercisethirdday\exercisethirdday\calculate.h(57): this line contains a '{' which has not yet been matched
     1>g:\liem\exercisethirdday\exercisethirdday\calculate.h(109): error C2601: 'tongNghichDaoSoNguyen' : local function definitions are illegal
                 g:\liem\exercisethirdday\exercisethirdday\calculate.h(57): this line contains a '{' which has not yet been matched
     1>g:\liem\exercisethirdday\exercisethirdday\calculate.h(118): error C2601: 'tichSoNguyen' : local function definitions are illegal
                 g:\liem\exercisethirdday\exercisethirdday\calculate.h(57): this line contains a '{' which has not yet been matched
     1>g:\liem\exercisethirdday\exercisethirdday\calculate.h(128): error C2601: 'tongGiaiThuaSoNguyen' : local function definitions are illegal
                 g:\liem\exercisethirdday\exercisethirdday\calculate.h(57): this line contains a '{' which has not yet been matched
     1>g:\liem\exercisethirdday\exercisethirdday\calculate.h(140): error C2601: 'calculateInterger' : local function definitions are illegal
                 g:\liem\exercisethirdday\exercisethirdday\calculate.h(57): this line contains a '{' which has not yet been matched
     1>g:\liem\exercisethirdday\exercisethirdday\program.cpp(10): error C2601: 'main' : local function definitions are illegal
                 g:\liem\exercisethirdday\exercisethirdday\calculate.h(57): this line contains a '{' which has not yet been matched
     1>g:\liem\exercisethirdday\exercisethirdday\program.cpp(18): fatal error C1075: end of file found before the left brace '{' at 'g:\liem\exercisethirdday\exercisethirdday\calculate.h(57)' was matched
     1>Done Building Project "G:\LIEM\ExerciseThirdDay\ExerciseThirdDay\ExerciseThirdDay.vcxproj" (Build target(s)) -- FAILED.

Build FAILED.

Time Elapsed 00:00:00.28
